<?xml version="1.0" encoding="utf-8"?><testsuites name="pytest tests"><testsuite name="pytest" errors="0" failures="0" skipped="0" tests="9" time="3.825" timestamp="2026-09-05T15:35:54.349120+00:00" hostname="agent-env-25828e18-f070-4b0e-b39c-fd32c28b147d"><testcase classname="tests.test_audit_v2" name="test_batch2_orientation_counts" time="0.183" /><testcase classname="tests.test_audit_v2" name="test_batch2_image_docs_have_exif_fields" time="0.235" /><testcase classname="tests.test_audit_v2" name="test_representative_includes_0169_portrait" time="0.121" /><testcase classname="tests.test_audit_v2" name="test_spec_checklist_endpoint" time="0.097" /><testcase classname="tests.test_audit_v2" name="test_housegroup_pairs_full" time="1.209" /><testcase classname="tests.test_audit_v2" name="test_pair_ruling_different_and_unsure_persist" time="0.320" /><testcase classname="tests.test_audit_v2" name="test_approve_spec_compliant_meta" time="1.090" /><testcase classname="tests.test_audit_v2" name="test_needs_review_0138" time="0.212" /><testcase classname="tests.test_audit_v2" name="test_zzz_cleanup_reset_state" time="0.290" /></testsuite></testsuites>