<?xml version="1.0" encoding="utf-8"?><testsuites name="pytest tests"><testsuite name="pytest" errors="0" failures="0" skipped="0" tests="13" time="4.767" timestamp="2026-09-05T15:00:56.302671+00:00" hostname="agent-env-25828e18-f070-4b0e-b39c-fd32c28b147d"><testcase classname="tests.backend_test" name="test_dataset_summary" time="0.268" /><testcase classname="tests.backend_test" name="test_batch2_naming" time="0.135" /><testcase classname="tests.backend_test" name="test_housegroups_method_orb" time="0.377" /><testcase classname="tests.backend_test" name="test_housegroup_candidates" time="0.158" /><testcase classname="tests.backend_test" name="test_split_structure" time="0.124" /><testcase classname="tests.backend_test" name="test_split_leakage_passes" time="0.099" /><testcase classname="tests.backend_test" name="test_environment" time="0.107" /><testcase classname="tests.backend_test" name="test_ml_status" time="0.109" /><testcase classname="tests.backend_test" name="test_representative_5" time="0.106" /><testcase classname="tests.backend_test" name="test_ml_propose" time="0.386" /><testcase classname="tests.backend_test" name="test_approve_and_artifacts" time="1.452" /><testcase classname="tests.backend_test" name="test_needs_review" time="0.274" /><testcase classname="tests.backend_test" name="test_merge_housegroups_and_leakage" time="0.323" /></testsuite></testsuites>