<?xml version="1.0" encoding="utf-8"?><testsuites name="pytest tests"><testsuite name="pytest" errors="0" failures="0" skipped="0" tests="9" time="15.992" timestamp="2026-09-05T19:55:38.725816+00:00" hostname="agent-env-25828e18-f070-4b0e-b39c-fd32c28b147d"><testcase classname="tests.test_sam2" name="test_ml_status_truthful" time="0.179" /><testcase classname="tests.test_sam2" name="test_sam2_propose_roof_point[pt0]" time="5.354" /><testcase classname="tests.test_sam2" name="test_sam2_propose_roof_point[pt1]" time="0.405" /><testcase classname="tests.test_sam2" name="test_sam2_embedding_cache" time="8.577" /><testcase classname="tests.test_sam2" name="test_colour_region_isolated" time="0.317" /><testcase classname="tests.test_sam2" name="test_sam2_error_no_fallback" time="0.000" /><testcase classname="tests.test_sam2" name="test_approve_polygons_and_raster" time="0.914" /><testcase classname="tests.test_sam2" name="test_needs_review" time="0.116" /><testcase classname="tests.test_sam2" name="test_zzz_cleanup" time="0.063" /></testsuite></testsuites>